\BOOKMARK [0][-]{chapter.1}{1 Einleitung}{}% 1
\BOOKMARK [0][-]{chapter.2}{2 Einf\374hrung in das Thema}{}% 2
\BOOKMARK [1][-]{section.2.1}{2.1 Mitnahme von Alterungsr\374ckstellung in der PKV - Auswirkungen auf das Versichertenkollektiv}{chapter.2}% 3
\BOOKMARK [1][-]{section.2.2}{2.2 Kohorten Modell}{chapter.2}% 4
\BOOKMARK [2][-]{subsection.2.2.1}{2.2.1 Lebensabschnitt: \2140-j\344hrige\215}{section.2.2}% 5
\BOOKMARK [2][-]{subsection.2.2.2}{2.2.2 Lebensabschnitt: \214Pr\344mortalit\344tsphase\215}{section.2.2}% 6
\BOOKMARK [2][-]{subsection.2.2.3}{2.2.3 Lebensabschnitt: \214Phase regen Lebens\215}{section.2.2}% 7
\BOOKMARK [2][-]{subsection.2.2.4}{2.2.4 Ereignis: Isolierte Ereignisse}{section.2.2}% 8
\BOOKMARK [2][-]{subsection.2.2.5}{2.2.5 Ereignis: Singul\344re Ereignisketten}{section.2.2}% 9
\BOOKMARK [0][-]{chapter.3}{3 Theoretische Grundlagen f\374r die Modellierung}{}% 10
\BOOKMARK [1][-]{section.3.1}{3.1 Verwendete Verteilungen}{chapter.3}% 11
\BOOKMARK [1][-]{section.3.2}{3.2 Poisson Prozess}{chapter.3}% 12
\BOOKMARK [1][-]{section.3.3}{3.3 Markov-Kette}{chapter.3}% 13
\BOOKMARK [0][-]{chapter.4}{4 Modellierung Isolierte Ereignisse}{}% 14
\BOOKMARK [1][-]{section.4.1}{4.1 Grundlegende Betrachtungen}{chapter.4}% 15
\BOOKMARK [1][-]{section.4.2}{4.2 Modell - Poisson-Prozess}{chapter.4}% 16
\BOOKMARK [1][-]{section.4.3}{4.3 Alternativer Modellansatz - Markov-Kette}{chapter.4}% 17
\BOOKMARK [1][-]{section.4.4}{4.4 Anwendung und Test des Modells}{chapter.4}% 18
\BOOKMARK [2][-]{subsection.4.4.1}{4.4.1 Erl\344uterung der Datengrundlage}{section.4.4}% 19
\BOOKMARK [2][-]{subsection.4.4.2}{4.4.2 Identifizierung von Unf\344llen}{section.4.4}% 20
\BOOKMARK [2][-]{subsection.4.4.3}{4.4.3 Anwendung und Test des Poisson-Modells}{section.4.4}% 21
\BOOKMARK [0][-]{chapter.5}{5 Modellierung Singul\344re Ereignisketten}{}% 22
\BOOKMARK [1][-]{section.5.1}{5.1 Grundlegende Betrachtungen}{chapter.5}% 23
\BOOKMARK [1][-]{section.5.2}{5.2 Modellierung}{chapter.5}% 24
\BOOKMARK [1][-]{section.5.3}{5.3 Erl\344uterungen zur Anwendung und Test des Modells}{chapter.5}% 25
\BOOKMARK [2][-]{subsection.5.3.1}{5.3.1 Identifikation von Chronischen Erkrankungen und Abgrenzung der Leistungen}{section.5.3}% 26
\BOOKMARK [2][-]{subsection.5.3.2}{5.3.2 Anwendung und Test des Modells}{section.5.3}% 27
\BOOKMARK [0][-]{chapter.6}{6 Zusammenfassung und Ausblick}{}% 28
\BOOKMARK [0][-]{appendix.A}{A Anhang}{}% 29
\BOOKMARK [1][-]{section.A.1}{A.1 Zitierte Erkenntnisse und Nebenrechnungen}{appendix.A}% 30
\BOOKMARK [1][-]{section.A.2}{A.2 Abk\374rzungsverzeichnis und Zeichenerkl\344rungen}{appendix.A}% 31
\BOOKMARK [1][-]{section.A.3}{A.3 Codierung nach \247 301 Abs. 3 SGB V}{appendix.A}% 32
\BOOKMARK [1][-]{section.A.4}{A.4 Verwendete Abfragen}{appendix.A}% 33
\BOOKMARK [2][-]{subsection.A.4.1}{A.4.1 SQL-Scripte}{section.A.4}% 34
\BOOKMARK [2][-]{subsection.A.4.2}{A.4.2 R-Scripte}{section.A.4}% 35
